<?xml version="1.0" encoding="UTF-8"?>
<!-- Generated by org.testng.reporters.JUnitXMLReporter -->
<testsuite ignored="0" hostname="DESKTOP-Q420O00" failures="1" tests="1" name="LoginTEST" time="6.27" errors="0" timestamp="2024-02-15T00:26:04 GMT-05:00">
  <testcase classname="com.SalesForce.TestScripts.SalesforceLoginAutomationScript" name="testcase1" time="2.99">
    <failure type="java.lang.AssertionError" message="expected [Please enter your password.] but found [please enter your password.]">
      <![CDATA[java.lang.AssertionError: expected [Please enter your password.] but found [please enter your password.]
at com.SalesForce.TestScripts.SalesforceLoginAutomationScript.testcase1(SalesforceLoginAutomationScript.java:42)
at java.base/java.util.ArrayList.forEach(ArrayList.java:1511)
... Removed 33 stack frames]]>
    </failure>
  </testcase> <!-- testcase1 -->
</testsuite> <!-- LoginTEST -->
